{"/home/runner/work/legacy-spring-boot-23-app/legacy-spring-boot-23-app/frontend/src/App.js": {"path":"/home/runner/work/legacy-spring-boot-23-app/legacy-spring-boot-23-app/frontend/src/App.js","statementMap":{"0":{"start":{"line":10,"column":20},"end":{"line":10,"column":23}},"1":{"start":{"line":12,"column":18},"end":{"line":33,"column":3}},"2":{"start":{"line":12,"column":41},"end":{"line":33,"column":1}},"3":{"start":{"line":36,"column":18},"end":{"line":36,"column":29}},"4":{"start":{"line":37,"column":42},"end":{"line":37,"column":63}},"5":{"start":{"line":39,"column":20},"end":{"line":46,"column":3}},"6":{"start":{"line":48,"column":2},"end":{"line":95,"column":4}},"7":{"start":{"line":69,"column":12},"end":{"line":77,"column":23}},"8":{"start":{"line":73,"column":29},"end":{"line":73,"column":53}},"9":{"start":{"line":88,"column":48},"end":{"line":88,"column":71}},"10":{"start":{"line":89,"column":51},"end":{"line":89,"column":74}},"11":{"start":{"line":90,"column":49},"end":{"line":90,"column":72}}},"fnMap":{"0":{"name":"(anonymous_0)","decl":{"start":{"line":12,"column":29},"end":{"line":12,"column":30}},"loc":{"start":{"line":12,"column":41},"end":{"line":33,"column":1}},"line":12},"1":{"name":"App","decl":{"start":{"line":35,"column":9},"end":{"line":35,"column":12}},"loc":{"start":{"line":35,"column":15},"end":{"line":96,"column":1}},"line":35},"2":{"name":"(anonymous_2)","decl":{"start":{"line":68,"column":25},"end":{"line":68,"column":26}},"loc":{"start":{"line":69,"column":12},"end":{"line":77,"column":23}},"line":69},"3":{"name":"(anonymous_3)","decl":{"start":{"line":73,"column":23},"end":{"line":73,"column":24}},"loc":{"start":{"line":73,"column":29},"end":{"line":73,"column":53}},"line":73},"4":{"name":"(anonymous_4)","decl":{"start":{"line":88,"column":42},"end":{"line":88,"column":43}},"loc":{"start":{"line":88,"column":48},"end":{"line":88,"column":71}},"line":88},"5":{"name":"(anonymous_5)","decl":{"start":{"line":89,"column":45},"end":{"line":89,"column":46}},"loc":{"start":{"line":89,"column":51},"end":{"line":89,"column":74}},"line":89},"6":{"name":"(anonymous_6)","decl":{"start":{"line":90,"column":43},"end":{"line":90,"column":44}},"loc":{"start":{"line":90,"column":49},"end":{"line":90,"column":72}},"line":90}},"branchMap":{},"s":{"0":0,"1":0,"2":0,"3":0,"4":0,"5":0,"6":0,"7":0,"8":0,"9":0,"10":0,"11":0},"f":{"0":0,"1":0,"2":0,"3":0,"4":0,"5":0,"6":0},"b":{}}
,"/home/runner/work/legacy-spring-boot-23-app/legacy-spring-boot-23-app/frontend/src/index.js": {"path":"/home/runner/work/legacy-spring-boot-23-app/legacy-spring-boot-23-app/frontend/src/index.js","statementMap":{"0":{"start":{"line":11,"column":0},"end":{"line":21,"column":2}}},"fnMap":{},"branchMap":{},"s":{"0":0},"f":{},"b":{}}
,"/home/runner/work/legacy-spring-boot-23-app/legacy-spring-boot-23-app/frontend/src/theme.js": {"path":"/home/runner/work/legacy-spring-boot-23-app/legacy-spring-boot-23-app/frontend/src/theme.js","statementMap":{"0":{"start":{"line":3,"column":14},"end":{"line":17,"column":2}}},"fnMap":{},"branchMap":{},"s":{"0":0},"f":{},"b":{}}
,"/home/runner/work/legacy-spring-boot-23-app/legacy-spring-boot-23-app/frontend/src/components/BookList.js": {"path":"/home/runner/work/legacy-spring-boot-23-app/legacy-spring-boot-23-app/frontend/src/components/BookList.js","statementMap":{"0":{"start":{"line":21,"column":18},"end":{"line":53,"column":3}},"1":{"start":{"line":21,"column":41},"end":{"line":53,"column":1}},"2":{"start":{"line":56,"column":18},"end":{"line":56,"column":29}},"3":{"start":{"line":57,"column":19},"end":{"line":57,"column":32}},"4":{"start":{"line":60,"column":16},"end":{"line":60,"column":73}},"5":{"start":{"line":60,"column":39},"end":{"line":60,"column":72}},"6":{"start":{"line":61,"column":18},"end":{"line":61,"column":71}},"7":{"start":{"line":61,"column":41},"end":{"line":61,"column":70}},"8":{"start":{"line":62,"column":16},"end":{"line":62,"column":58}},"9":{"start":{"line":62,"column":39},"end":{"line":62,"column":57}},"10":{"start":{"line":65,"column":44},"end":{"line":65,"column":56}},"11":{"start":{"line":66,"column":26},"end":{"line":66,"column":37}},"12":{"start":{"line":67,"column":24},"end":{"line":67,"column":36}},"13":{"start":{"line":68,"column":19},"end":{"line":68,"column":33}},"14":{"start":{"line":69,"column":20},"end":{"line":69,"column":35}},"15":{"start":{"line":72,"column":2},"end":{"line":81,"column":68}},"16":{"start":{"line":73,"column":19},"end":{"line":79,"column":5}},"17":{"start":{"line":80,"column":4},"end":{"line":80,"column":33}},"18":{"start":{"line":83,"column":29},"end":{"line":86,"column":3}},"19":{"start":{"line":84,"column":4},"end":{"line":84,"column":41}},"20":{"start":{"line":85,"column":4},"end":{"line":85,"column":15}},"21":{"start":{"line":88,"column":29},"end":{"line":99,"column":3}},"22":{"start":{"line":89,"column":4},"end":{"line":89,"column":27}},"23":{"start":{"line":90,"column":4},"end":{"line":90,"column":15}},"24":{"start":{"line":91,"column":19},"end":{"line":97,"column":5}},"25":{"start":{"line":98,"column":4},"end":{"line":98,"column":33}},"26":{"start":{"line":101,"column":24},"end":{"line":112,"column":3}},"27":{"start":{"line":102,"column":4},"end":{"line":111,"column":5}},"28":{"start":{"line":104,"column":8},"end":{"line":104,"column":25}},"29":{"start":{"line":106,"column":8},"end":{"line":106,"column":27}},"30":{"start":{"line":108,"column":8},"end":{"line":108,"column":25}},"31":{"start":{"line":110,"column":8},"end":{"line":110,"column":25}},"32":{"start":{"line":114,"column":24},"end":{"line":125,"column":3}},"33":{"start":{"line":115,"column":4},"end":{"line":124,"column":5}},"34":{"start":{"line":117,"column":8},"end":{"line":117,"column":20}},"35":{"start":{"line":119,"column":8},"end":{"line":119,"column":20}},"36":{"start":{"line":121,"column":8},"end":{"line":121,"column":20}},"37":{"start":{"line":123,"column":8},"end":{"line":123,"column":21}},"38":{"start":{"line":127,"column":2},"end":{"line":133,"column":3}},"39":{"start":{"line":128,"column":4},"end":{"line":132,"column":6}},"40":{"start":{"line":135,"column":2},"end":{"line":143,"column":3}},"41":{"start":{"line":136,"column":4},"end":{"line":142,"column":6}},"42":{"start":{"line":145,"column":2},"end":{"line":232,"column":4}},"43":{"start":{"line":189,"column":16},"end":{"line":223,"column":27}}},"fnMap":{"0":{"name":"(anonymous_0)","decl":{"start":{"line":21,"column":29},"end":{"line":21,"column":30}},"loc":{"start":{"line":21,"column":41},"end":{"line":53,"column":1}},"line":21},"1":{"name":"BookList","decl":{"start":{"line":55,"column":9},"end":{"line":55,"column":17}},"loc":{"start":{"line":55,"column":20},"end":{"line":233,"column":1}},"line":55},"2":{"name":"(anonymous_2)","decl":{"start":{"line":60,"column":28},"end":{"line":60,"column":29}},"loc":{"start":{"line":60,"column":39},"end":{"line":60,"column":72}},"line":60},"3":{"name":"(anonymous_3)","decl":{"start":{"line":61,"column":30},"end":{"line":61,"column":31}},"loc":{"start":{"line":61,"column":41},"end":{"line":61,"column":70}},"line":61},"4":{"name":"(anonymous_4)","decl":{"start":{"line":62,"column":28},"end":{"line":62,"column":29}},"loc":{"start":{"line":62,"column":39},"end":{"line":62,"column":57}},"line":62},"5":{"name":"(anonymous_5)","decl":{"start":{"line":72,"column":12},"end":{"line":72,"column":13}},"loc":{"start":{"line":72,"column":18},"end":{"line":81,"column":3}},"line":72},"6":{"name":"(anonymous_6)","decl":{"start":{"line":83,"column":29},"end":{"line":83,"column":30}},"loc":{"start":{"line":83,"column":40},"end":{"line":86,"column":3}},"line":83},"7":{"name":"(anonymous_7)","decl":{"start":{"line":88,"column":29},"end":{"line":88,"column":30}},"loc":{"start":{"line":88,"column":40},"end":{"line":99,"column":3}},"line":88},"8":{"name":"(anonymous_8)","decl":{"start":{"line":101,"column":24},"end":{"line":101,"column":25}},"loc":{"start":{"line":101,"column":35},"end":{"line":112,"column":3}},"line":101},"9":{"name":"(anonymous_9)","decl":{"start":{"line":114,"column":24},"end":{"line":114,"column":25}},"loc":{"start":{"line":114,"column":35},"end":{"line":125,"column":3}},"line":114},"10":{"name":"(anonymous_10)","decl":{"start":{"line":188,"column":25},"end":{"line":188,"column":26}},"loc":{"start":{"line":189,"column":16},"end":{"line":223,"column":27}},"line":189}},"branchMap":{"0":{"loc":{"start":{"line":60,"column":39},"end":{"line":60,"column":72}},"type":"binary-expr","locations":[{"start":{"line":60,"column":39},"end":{"line":60,"column":66}},{"start":{"line":60,"column":70},"end":{"line":60,"column":72}}],"line":60},"1":{"loc":{"start":{"line":61,"column":41},"end":{"line":61,"column":70}},"type":"binary-expr","locations":[{"start":{"line":61,"column":41},"end":{"line":61,"column":61}},{"start":{"line":61,"column":65},"end":{"line":61,"column":70}}],"line":61},"2":{"loc":{"start":{"line":102,"column":4},"end":{"line":111,"column":5}},"type":"switch","locations":[{"start":{"line":103,"column":6},"end":{"line":104,"column":25}},{"start":{"line":105,"column":6},"end":{"line":106,"column":27}},{"start":{"line":107,"column":6},"end":{"line":108,"column":25}},{"start":{"line":109,"column":6},"end":{"line":110,"column":25}}],"line":102},"3":{"loc":{"start":{"line":115,"column":4},"end":{"line":124,"column":5}},"type":"switch","locations":[{"start":{"line":116,"column":6},"end":{"line":117,"column":20}},{"start":{"line":118,"column":6},"end":{"line":119,"column":20}},{"start":{"line":120,"column":6},"end":{"line":121,"column":20}},{"start":{"line":122,"column":6},"end":{"line":123,"column":21}}],"line":115},"4":{"loc":{"start":{"line":127,"column":2},"end":{"line":133,"column":3}},"type":"if","locations":[{"start":{"line":127,"column":2},"end":{"line":133,"column":3}},{"start":{},"end":{}}],"line":127},"5":{"loc":{"start":{"line":127,"column":6},"end":{"line":127,"column":35}},"type":"binary-expr","locations":[{"start":{"line":127,"column":6},"end":{"line":127,"column":13}},{"start":{"line":127,"column":17},"end":{"line":127,"column":35}}],"line":127},"6":{"loc":{"start":{"line":135,"column":2},"end":{"line":143,"column":3}},"type":"if","locations":[{"start":{"line":135,"column":2},"end":{"line":143,"column":3}},{"start":{},"end":{}}],"line":135},"7":{"loc":{"start":{"line":199,"column":21},"end":{"line":199,"column":108}},"type":"cond-expr","locations":[{"start":{"line":199,"column":44},"end":{"line":199,"column":102}},{"start":{"line":199,"column":105},"end":{"line":199,"column":108}}],"line":199},"8":{"loc":{"start":{"line":202,"column":21},"end":{"line":202,"column":81}},"type":"cond-expr","locations":[{"start":{"line":202,"column":38},"end":{"line":202,"column":75}},{"start":{"line":202,"column":78},"end":{"line":202,"column":81}}],"line":202},"9":{"loc":{"start":{"line":205,"column":21},"end":{"line":212,"column":21}},"type":"binary-expr","locations":[{"start":{"line":205,"column":21},"end":{"line":205,"column":31}},{"start":{"line":206,"column":22},"end":{"line":211,"column":24}}],"line":205}},"s":{"0":0,"1":0,"2":0,"3":0,"4":0,"5":0,"6":0,"7":0,"8":0,"9":0,"10":0,"11":0,"12":0,"13":0,"14":0,"15":0,"16":0,"17":0,"18":0,"19":0,"20":0,"21":0,"22":0,"23":0,"24":0,"25":0,"26":0,"27":0,"28":0,"29":0,"30":0,"31":0,"32":0,"33":0,"34":0,"35":0,"36":0,"37":0,"38":0,"39":0,"40":0,"41":0,"42":0,"43":0},"f":{"0":0,"1":0,"2":0,"3":0,"4":0,"5":0,"6":0,"7":0,"8":0,"9":0,"10":0},"b":{"0":[0,0],"1":[0,0],"2":[0,0,0,0],"3":[0,0,0,0],"4":[0,0],"5":[0,0],"6":[0,0],"7":[0,0],"8":[0,0],"9":[0,0]}}
,"/home/runner/work/legacy-spring-boot-23-app/legacy-spring-boot-23-app/frontend/src/components/Dashboard.js": {"path":"/home/runner/work/legacy-spring-boot-23-app/legacy-spring-boot-23-app/frontend/src/components/Dashboard.js","statementMap":{"0":{"start":{"line":18,"column":18},"end":{"line":58,"column":3}},"1":{"start":{"line":18,"column":41},"end":{"line":58,"column":1}},"2":{"start":{"line":61,"column":18},"end":{"line":61,"column":29}},"3":{"start":{"line":62,"column":32},"end":{"line":62,"column":46}},"4":{"start":{"line":63,"column":28},"end":{"line":63,"column":42}},"5":{"start":{"line":64,"column":28},"end":{"line":69,"column":4}},"6":{"start":{"line":70,"column":40},"end":{"line":70,"column":52}},"7":{"start":{"line":71,"column":46},"end":{"line":71,"column":58}},"8":{"start":{"line":73,"column":2},"end":{"line":112,"column":9}},"9":{"start":{"line":74,"column":31},"end":{"line":109,"column":5}},"10":{"start":{"line":75,"column":6},"end":{"line":108,"column":7}},"11":{"start":{"line":76,"column":8},"end":{"line":76,"column":25}},"12":{"start":{"line":77,"column":8},"end":{"line":77,"column":23}},"13":{"start":{"line":80,"column":87},"end":{"line":85,"column":10}},"14":{"start":{"line":88,"column":26},"end":{"line":88,"column":48}},"15":{"start":{"line":89,"column":27},"end":{"line":89,"column":43}},"16":{"start":{"line":90,"column":30},"end":{"line":90,"column":56}},"17":{"start":{"line":91,"column":27},"end":{"line":91,"column":57}},"18":{"start":{"line":92,"column":30},"end":{"line":92,"column":97}},"19":{"start":{"line":92,"column":62},"end":{"line":92,"column":93}},"20":{"start":{"line":94,"column":8},"end":{"line":99,"column":11}},"21":{"start":{"line":101,"column":8},"end":{"line":101,"column":79}},"22":{"start":{"line":102,"column":8},"end":{"line":102,"column":53}},"23":{"start":{"line":104,"column":8},"end":{"line":104,"column":61}},"24":{"start":{"line":105,"column":8},"end":{"line":105,"column":80}},"25":{"start":{"line":107,"column":8},"end":{"line":107,"column":26}},"26":{"start":{"line":111,"column":4},"end":{"line":111,"column":25}},"27":{"start":{"line":114,"column":24},"end":{"line":125,"column":3}},"28":{"start":{"line":115,"column":4},"end":{"line":124,"column":5}},"29":{"start":{"line":117,"column":8},"end":{"line":117,"column":20}},"30":{"start":{"line":119,"column":8},"end":{"line":119,"column":20}},"31":{"start":{"line":121,"column":8},"end":{"line":121,"column":20}},"32":{"start":{"line":123,"column":8},"end":{"line":123,"column":19}},"33":{"start":{"line":127,"column":24},"end":{"line":138,"column":3}},"34":{"start":{"line":128,"column":4},"end":{"line":137,"column":5}},"35":{"start":{"line":130,"column":8},"end":{"line":130,"column":25}},"36":{"start":{"line":132,"column":8},"end":{"line":132,"column":27}},"37":{"start":{"line":134,"column":8},"end":{"line":134,"column":25}},"38":{"start":{"line":136,"column":8},"end":{"line":136,"column":25}},"39":{"start":{"line":140,"column":2},"end":{"line":146,"column":3}},"40":{"start":{"line":141,"column":4},"end":{"line":145,"column":6}},"41":{"start":{"line":148,"column":2},"end":{"line":156,"column":3}},"42":{"start":{"line":149,"column":4},"end":{"line":155,"column":6}},"43":{"start":{"line":158,"column":2},"end":{"line":295,"column":4}},"44":{"start":{"line":239,"column":18},"end":{"line":249,"column":29}},"45":{"start":{"line":273,"column":18},"end":{"line":279,"column":29}}},"fnMap":{"0":{"name":"(anonymous_0)","decl":{"start":{"line":18,"column":29},"end":{"line":18,"column":30}},"loc":{"start":{"line":18,"column":41},"end":{"line":58,"column":1}},"line":18},"1":{"name":"Dashboard","decl":{"start":{"line":60,"column":9},"end":{"line":60,"column":18}},"loc":{"start":{"line":60,"column":21},"end":{"line":296,"column":1}},"line":60},"2":{"name":"(anonymous_2)","decl":{"start":{"line":73,"column":12},"end":{"line":73,"column":13}},"loc":{"start":{"line":73,"column":18},"end":{"line":112,"column":3}},"line":73},"3":{"name":"(anonymous_3)","decl":{"start":{"line":74,"column":31},"end":{"line":74,"column":32}},"loc":{"start":{"line":74,"column":43},"end":{"line":109,"column":5}},"line":74},"4":{"name":"(anonymous_4)","decl":{"start":{"line":92,"column":47},"end":{"line":92,"column":48}},"loc":{"start":{"line":92,"column":62},"end":{"line":92,"column":93}},"line":92},"5":{"name":"(anonymous_5)","decl":{"start":{"line":114,"column":24},"end":{"line":114,"column":25}},"loc":{"start":{"line":114,"column":35},"end":{"line":125,"column":3}},"line":114},"6":{"name":"(anonymous_6)","decl":{"start":{"line":127,"column":24},"end":{"line":127,"column":25}},"loc":{"start":{"line":127,"column":35},"end":{"line":138,"column":3}},"line":127},"7":{"name":"(anonymous_7)","decl":{"start":{"line":238,"column":33},"end":{"line":238,"column":34}},"loc":{"start":{"line":239,"column":18},"end":{"line":249,"column":29}},"line":239},"8":{"name":"(anonymous_8)","decl":{"start":{"line":272,"column":36},"end":{"line":272,"column":37}},"loc":{"start":{"line":273,"column":18},"end":{"line":279,"column":29}},"line":273}},"branchMap":{"0":{"loc":{"start":{"line":92,"column":69},"end":{"line":92,"column":92}},"type":"binary-expr","locations":[{"start":{"line":92,"column":69},"end":{"line":92,"column":87}},{"start":{"line":92,"column":91},"end":{"line":92,"column":92}}],"line":92},"1":{"loc":{"start":{"line":101,"column":23},"end":{"line":101,"column":77}},"type":"binary-expr","locations":[{"start":{"line":101,"column":23},"end":{"line":101,"column":49}},{"start":{"line":101,"column":53},"end":{"line":101,"column":71}},{"start":{"line":101,"column":75},"end":{"line":101,"column":77}}],"line":101},"2":{"loc":{"start":{"line":102,"column":26},"end":{"line":102,"column":51}},"type":"binary-expr","locations":[{"start":{"line":102,"column":26},"end":{"line":102,"column":45}},{"start":{"line":102,"column":49},"end":{"line":102,"column":51}}],"line":102},"3":{"loc":{"start":{"line":105,"column":17},"end":{"line":105,"column":78}},"type":"binary-expr","locations":[{"start":{"line":105,"column":17},"end":{"line":105,"column":44}},{"start":{"line":105,"column":48},"end":{"line":105,"column":59}},{"start":{"line":105,"column":63},"end":{"line":105,"column":78}}],"line":105},"4":{"loc":{"start":{"line":115,"column":4},"end":{"line":124,"column":5}},"type":"switch","locations":[{"start":{"line":116,"column":6},"end":{"line":117,"column":20}},{"start":{"line":118,"column":6},"end":{"line":119,"column":20}},{"start":{"line":120,"column":6},"end":{"line":121,"column":20}},{"start":{"line":122,"column":6},"end":{"line":123,"column":19}}],"line":115},"5":{"loc":{"start":{"line":128,"column":4},"end":{"line":137,"column":5}},"type":"switch","locations":[{"start":{"line":129,"column":6},"end":{"line":130,"column":25}},{"start":{"line":131,"column":6},"end":{"line":132,"column":27}},{"start":{"line":133,"column":6},"end":{"line":134,"column":25}},{"start":{"line":135,"column":6},"end":{"line":136,"column":25}}],"line":128},"6":{"loc":{"start":{"line":140,"column":2},"end":{"line":146,"column":3}},"type":"if","locations":[{"start":{"line":140,"column":2},"end":{"line":146,"column":3}},{"start":{},"end":{}}],"line":140},"7":{"loc":{"start":{"line":148,"column":2},"end":{"line":156,"column":3}},"type":"if","locations":[{"start":{"line":148,"column":2},"end":{"line":156,"column":3}},{"start":{},"end":{}}],"line":148},"8":{"loc":{"start":{"line":172,"column":19},"end":{"line":172,"column":41}},"type":"binary-expr","locations":[{"start":{"line":172,"column":19},"end":{"line":172,"column":36}},{"start":{"line":172,"column":40},"end":{"line":172,"column":41}}],"line":172},"9":{"loc":{"start":{"line":188,"column":19},"end":{"line":188,"column":44}},"type":"binary-expr","locations":[{"start":{"line":188,"column":19},"end":{"line":188,"column":39}},{"start":{"line":188,"column":43},"end":{"line":188,"column":44}}],"line":188},"10":{"loc":{"start":{"line":204,"column":19},"end":{"line":204,"column":41}},"type":"binary-expr","locations":[{"start":{"line":204,"column":19},"end":{"line":204,"column":36}},{"start":{"line":204,"column":40},"end":{"line":204,"column":41}}],"line":204},"11":{"loc":{"start":{"line":220,"column":19},"end":{"line":220,"column":44}},"type":"binary-expr","locations":[{"start":{"line":220,"column":19},"end":{"line":220,"column":39}},{"start":{"line":220,"column":43},"end":{"line":220,"column":44}}],"line":220},"12":{"loc":{"start":{"line":251,"column":17},"end":{"line":258,"column":17}},"type":"binary-expr","locations":[{"start":{"line":251,"column":17},"end":{"line":251,"column":41}},{"start":{"line":252,"column":18},"end":{"line":257,"column":29}}],"line":251},"13":{"loc":{"start":{"line":277,"column":72},"end":{"line":277,"column":97}},"type":"binary-expr","locations":[{"start":{"line":277,"column":72},"end":{"line":277,"column":90}},{"start":{"line":277,"column":94},"end":{"line":277,"column":97}}],"line":277},"14":{"loc":{"start":{"line":281,"column":17},"end":{"line":288,"column":17}},"type":"binary-expr","locations":[{"start":{"line":281,"column":17},"end":{"line":281,"column":44}},{"start":{"line":282,"column":18},"end":{"line":287,"column":29}}],"line":281}},"s":{"0":0,"1":0,"2":0,"3":0,"4":0,"5":0,"6":0,"7":0,"8":0,"9":0,"10":0,"11":0,"12":0,"13":0,"14":0,"15":0,"16":0,"17":0,"18":0,"19":0,"20":0,"21":0,"22":0,"23":0,"24":0,"25":0,"26":0,"27":0,"28":0,"29":0,"30":0,"31":0,"32":0,"33":0,"34":0,"35":0,"36":0,"37":0,"38":0,"39":0,"40":0,"41":0,"42":0,"43":0,"44":0,"45":0},"f":{"0":0,"1":0,"2":0,"3":0,"4":0,"5":0,"6":0,"7":0,"8":0},"b":{"0":[0,0],"1":[0,0,0],"2":[0,0],"3":[0,0,0],"4":[0,0,0,0],"5":[0,0,0,0],"6":[0,0],"7":[0,0],"8":[0,0],"9":[0,0],"10":[0,0],"11":[0,0],"12":[0,0],"13":[0,0],"14":[0,0]}}
,"/home/runner/work/legacy-spring-boot-23-app/legacy-spring-boot-23-app/frontend/src/components/InventoryList.js": {"path":"/home/runner/work/legacy-spring-boot-23-app/legacy-spring-boot-23-app/frontend/src/components/InventoryList.js","statementMap":{"0":{"start":{"line":20,"column":18},"end":{"line":50,"column":3}},"1":{"start":{"line":20,"column":41},"end":{"line":50,"column":1}},"2":{"start":{"line":53,"column":18},"end":{"line":53,"column":29}},"3":{"start":{"line":54,"column":19},"end":{"line":54,"column":32}},"4":{"start":{"line":57,"column":25},"end":{"line":57,"column":77}},"5":{"start":{"line":57,"column":48},"end":{"line":57,"column":76}},"6":{"start":{"line":58,"column":18},"end":{"line":58,"column":75}},"7":{"start":{"line":58,"column":41},"end":{"line":58,"column":74}},"8":{"start":{"line":59,"column":16},"end":{"line":59,"column":62}},"9":{"start":{"line":59,"column":39},"end":{"line":59,"column":61}},"10":{"start":{"line":61,"column":2},"end":{"line":63,"column":17}},"11":{"start":{"line":62,"column":4},"end":{"line":62,"column":31}},"12":{"start":{"line":65,"column":30},"end":{"line":73,"column":3}},"13":{"start":{"line":66,"column":4},"end":{"line":72,"column":5}},"14":{"start":{"line":67,"column":6},"end":{"line":67,"column":25}},"15":{"start":{"line":68,"column":11},"end":{"line":72,"column":5}},"16":{"start":{"line":69,"column":6},"end":{"line":69,"column":23}},"17":{"start":{"line":71,"column":6},"end":{"line":71,"column":23}},"18":{"start":{"line":75,"column":30},"end":{"line":83,"column":3}},"19":{"start":{"line":76,"column":4},"end":{"line":82,"column":5}},"20":{"start":{"line":77,"column":6},"end":{"line":77,"column":20}},"21":{"start":{"line":78,"column":11},"end":{"line":82,"column":5}},"22":{"start":{"line":79,"column":6},"end":{"line":79,"column":19}},"23":{"start":{"line":81,"column":6},"end":{"line":81,"column":19}},"24":{"start":{"line":85,"column":25},"end":{"line":87,"column":3}},"25":{"start":{"line":86,"column":4},"end":{"line":86,"column":31}},"26":{"start":{"line":89,"column":2},"end":{"line":95,"column":3}},"27":{"start":{"line":90,"column":4},"end":{"line":94,"column":6}},"28":{"start":{"line":97,"column":2},"end":{"line":105,"column":3}},"29":{"start":{"line":98,"column":4},"end":{"line":104,"column":6}},"30":{"start":{"line":107,"column":2},"end":{"line":192,"column":4}},"31":{"start":{"line":131,"column":16},"end":{"line":176,"column":27}}},"fnMap":{"0":{"name":"(anonymous_0)","decl":{"start":{"line":20,"column":29},"end":{"line":20,"column":30}},"loc":{"start":{"line":20,"column":41},"end":{"line":50,"column":1}},"line":20},"1":{"name":"InventoryList","decl":{"start":{"line":52,"column":9},"end":{"line":52,"column":22}},"loc":{"start":{"line":52,"column":25},"end":{"line":193,"column":1}},"line":52},"2":{"name":"(anonymous_2)","decl":{"start":{"line":57,"column":37},"end":{"line":57,"column":38}},"loc":{"start":{"line":57,"column":48},"end":{"line":57,"column":76}},"line":57},"3":{"name":"(anonymous_3)","decl":{"start":{"line":58,"column":30},"end":{"line":58,"column":31}},"loc":{"start":{"line":58,"column":41},"end":{"line":58,"column":74}},"line":58},"4":{"name":"(anonymous_4)","decl":{"start":{"line":59,"column":28},"end":{"line":59,"column":29}},"loc":{"start":{"line":59,"column":39},"end":{"line":59,"column":61}},"line":59},"5":{"name":"(anonymous_5)","decl":{"start":{"line":61,"column":12},"end":{"line":61,"column":13}},"loc":{"start":{"line":61,"column":18},"end":{"line":63,"column":3}},"line":61},"6":{"name":"(anonymous_6)","decl":{"start":{"line":65,"column":30},"end":{"line":65,"column":31}},"loc":{"start":{"line":65,"column":60},"end":{"line":73,"column":3}},"line":65},"7":{"name":"(anonymous_7)","decl":{"start":{"line":75,"column":30},"end":{"line":75,"column":31}},"loc":{"start":{"line":75,"column":60},"end":{"line":83,"column":3}},"line":75},"8":{"name":"(anonymous_8)","decl":{"start":{"line":85,"column":25},"end":{"line":85,"column":26}},"loc":{"start":{"line":85,"column":43},"end":{"line":87,"column":3}},"line":85},"9":{"name":"(anonymous_9)","decl":{"start":{"line":130,"column":34},"end":{"line":130,"column":35}},"loc":{"start":{"line":131,"column":16},"end":{"line":176,"column":27}},"line":131}},"branchMap":{"0":{"loc":{"start":{"line":57,"column":48},"end":{"line":57,"column":76}},"type":"binary-expr","locations":[{"start":{"line":57,"column":48},"end":{"line":57,"column":70}},{"start":{"line":57,"column":74},"end":{"line":57,"column":76}}],"line":57},"1":{"loc":{"start":{"line":58,"column":41},"end":{"line":58,"column":74}},"type":"binary-expr","locations":[{"start":{"line":58,"column":41},"end":{"line":58,"column":65}},{"start":{"line":58,"column":69},"end":{"line":58,"column":74}}],"line":58},"2":{"loc":{"start":{"line":66,"column":4},"end":{"line":72,"column":5}},"type":"if","locations":[{"start":{"line":66,"column":4},"end":{"line":72,"column":5}},{"start":{"line":68,"column":11},"end":{"line":72,"column":5}}],"line":66},"3":{"loc":{"start":{"line":68,"column":11},"end":{"line":72,"column":5}},"type":"if","locations":[{"start":{"line":68,"column":11},"end":{"line":72,"column":5}},{"start":{"line":70,"column":11},"end":{"line":72,"column":5}}],"line":68},"4":{"loc":{"start":{"line":76,"column":4},"end":{"line":82,"column":5}},"type":"if","locations":[{"start":{"line":76,"column":4},"end":{"line":82,"column":5}},{"start":{"line":78,"column":11},"end":{"line":82,"column":5}}],"line":76},"5":{"loc":{"start":{"line":78,"column":11},"end":{"line":82,"column":5}},"type":"if","locations":[{"start":{"line":78,"column":11},"end":{"line":82,"column":5}},{"start":{"line":80,"column":11},"end":{"line":82,"column":5}}],"line":78},"6":{"loc":{"start":{"line":86,"column":11},"end":{"line":86,"column":30}},"type":"binary-expr","locations":[{"start":{"line":86,"column":11},"end":{"line":86,"column":23}},{"start":{"line":86,"column":27},"end":{"line":86,"column":30}}],"line":86},"7":{"loc":{"start":{"line":89,"column":2},"end":{"line":95,"column":3}},"type":"if","locations":[{"start":{"line":89,"column":2},"end":{"line":95,"column":3}},{"start":{},"end":{}}],"line":89},"8":{"loc":{"start":{"line":97,"column":2},"end":{"line":105,"column":3}},"type":"if","locations":[{"start":{"line":97,"column":2},"end":{"line":105,"column":3}},{"start":{},"end":{}}],"line":97},"9":{"loc":{"start":{"line":144,"column":29},"end":{"line":144,"column":79}},"type":"cond-expr","locations":[{"start":{"line":144,"column":56},"end":{"line":144,"column":63}},{"start":{"line":144,"column":66},"end":{"line":144,"column":79}}],"line":144},"10":{"loc":{"start":{"line":178,"column":15},"end":{"line":186,"column":15}},"type":"binary-expr","locations":[{"start":{"line":178,"column":15},"end":{"line":178,"column":42}},{"start":{"line":179,"column":16},"end":{"line":185,"column":27}}],"line":178}},"s":{"0":0,"1":0,"2":0,"3":0,"4":0,"5":0,"6":0,"7":0,"8":0,"9":0,"10":0,"11":0,"12":0,"13":0,"14":0,"15":0,"16":0,"17":0,"18":0,"19":0,"20":0,"21":0,"22":0,"23":0,"24":0,"25":0,"26":0,"27":0,"28":0,"29":0,"30":0,"31":0},"f":{"0":0,"1":0,"2":0,"3":0,"4":0,"5":0,"6":0,"7":0,"8":0,"9":0},"b":{"0":[0,0],"1":[0,0],"2":[0,0],"3":[0,0],"4":[0,0],"5":[0,0],"6":[0,0],"7":[0,0],"8":[0,0],"9":[0,0],"10":[0,0]}}
,"/home/runner/work/legacy-spring-boot-23-app/legacy-spring-boot-23-app/frontend/src/services/api.js": {"path":"/home/runner/work/legacy-spring-boot-23-app/legacy-spring-boot-23-app/frontend/src/services/api.js","statementMap":{"0":{"start":{"line":4,"column":12},"end":{"line":10,"column":2}},"1":{"start":{"line":13,"column":24},"end":{"line":46,"column":1}},"2":{"start":{"line":16,"column":82},"end":{"line":16,"column":88}},"3":{"start":{"line":17,"column":4},"end":{"line":19,"column":7}},"4":{"start":{"line":24,"column":4},"end":{"line":24,"column":35}},"5":{"start":{"line":29,"column":4},"end":{"line":29,"column":44}},"6":{"start":{"line":34,"column":4},"end":{"line":34,"column":40}},"7":{"start":{"line":39,"column":4},"end":{"line":39,"column":45}},"8":{"start":{"line":44,"column":4},"end":{"line":44,"column":38}},"9":{"start":{"line":49,"column":28},"end":{"line":84,"column":1}},"10":{"start":{"line":52,"column":4},"end":{"line":52,"column":33}},"11":{"start":{"line":57,"column":4},"end":{"line":57,"column":43}},"12":{"start":{"line":62,"column":4},"end":{"line":62,"column":40}},"13":{"start":{"line":67,"column":4},"end":{"line":67,"column":46}},"14":{"start":{"line":72,"column":4},"end":{"line":72,"column":48}},"15":{"start":{"line":77,"column":4},"end":{"line":77,"column":45}},"16":{"start":{"line":82,"column":4},"end":{"line":82,"column":46}},"17":{"start":{"line":87,"column":0},"end":{"line":99,"column":2}},"18":{"start":{"line":90,"column":18},"end":{"line":90,"column":51}},"19":{"start":{"line":91,"column":4},"end":{"line":93,"column":5}},"20":{"start":{"line":92,"column":6},"end":{"line":92,"column":55}},"21":{"start":{"line":94,"column":4},"end":{"line":94,"column":18}},"22":{"start":{"line":97,"column":4},"end":{"line":97,"column":33}},"23":{"start":{"line":102,"column":0},"end":{"line":115,"column":2}},"24":{"start":{"line":104,"column":4},"end":{"line":104,"column":20}},"25":{"start":{"line":108,"column":4},"end":{"line":112,"column":5}},"26":{"start":{"line":110,"column":6},"end":{"line":110,"column":43}},"27":{"start":{"line":111,"column":6},"end":{"line":111,"column":38}},"28":{"start":{"line":113,"column":4},"end":{"line":113,"column":33}}},"fnMap":{"0":{"name":"(anonymous_0)","decl":{"start":{"line":15,"column":12},"end":{"line":15,"column":13}},"loc":{"start":{"line":15,"column":29},"end":{"line":20,"column":3}},"line":15},"1":{"name":"(anonymous_1)","decl":{"start":{"line":23,"column":11},"end":{"line":23,"column":12}},"loc":{"start":{"line":23,"column":19},"end":{"line":25,"column":3}},"line":23},"2":{"name":"(anonymous_2)","decl":{"start":{"line":28,"column":17},"end":{"line":28,"column":18}},"loc":{"start":{"line":28,"column":29},"end":{"line":30,"column":3}},"line":28},"3":{"name":"(anonymous_3)","decl":{"start":{"line":33,"column":14},"end":{"line":33,"column":15}},"loc":{"start":{"line":33,"column":28},"end":{"line":35,"column":3}},"line":33},"4":{"name":"(anonymous_4)","decl":{"start":{"line":38,"column":14},"end":{"line":38,"column":15}},"loc":{"start":{"line":38,"column":32},"end":{"line":40,"column":3}},"line":38},"5":{"name":"(anonymous_5)","decl":{"start":{"line":43,"column":14},"end":{"line":43,"column":15}},"loc":{"start":{"line":43,"column":22},"end":{"line":45,"column":3}},"line":43},"6":{"name":"(anonymous_6)","decl":{"start":{"line":51,"column":16},"end":{"line":51,"column":17}},"loc":{"start":{"line":51,"column":22},"end":{"line":53,"column":3}},"line":51},"7":{"name":"(anonymous_7)","decl":{"start":{"line":56,"column":22},"end":{"line":56,"column":23}},"loc":{"start":{"line":56,"column":34},"end":{"line":58,"column":3}},"line":56},"8":{"name":"(anonymous_8)","decl":{"start":{"line":61,"column":22},"end":{"line":61,"column":23}},"loc":{"start":{"line":61,"column":28},"end":{"line":63,"column":3}},"line":61},"9":{"name":"(anonymous_9)","decl":{"start":{"line":66,"column":22},"end":{"line":66,"column":23}},"loc":{"start":{"line":66,"column":28},"end":{"line":68,"column":3}},"line":66},"10":{"name":"(anonymous_10)","decl":{"start":{"line":71,"column":16},"end":{"line":71,"column":17}},"loc":{"start":{"line":71,"column":26},"end":{"line":73,"column":3}},"line":71},"11":{"name":"(anonymous_11)","decl":{"start":{"line":76,"column":13},"end":{"line":76,"column":14}},"loc":{"start":{"line":76,"column":23},"end":{"line":78,"column":3}},"line":76},"12":{"name":"(anonymous_12)","decl":{"start":{"line":81,"column":15},"end":{"line":81,"column":16}},"loc":{"start":{"line":81,"column":25},"end":{"line":83,"column":3}},"line":81},"13":{"name":"(anonymous_13)","decl":{"start":{"line":88,"column":2},"end":{"line":88,"column":3}},"loc":{"start":{"line":88,"column":14},"end":{"line":95,"column":3}},"line":88},"14":{"name":"(anonymous_14)","decl":{"start":{"line":96,"column":2},"end":{"line":96,"column":3}},"loc":{"start":{"line":96,"column":13},"end":{"line":98,"column":3}},"line":96},"15":{"name":"(anonymous_15)","decl":{"start":{"line":103,"column":2},"end":{"line":103,"column":3}},"loc":{"start":{"line":103,"column":16},"end":{"line":105,"column":3}},"line":103},"16":{"name":"(anonymous_16)","decl":{"start":{"line":106,"column":2},"end":{"line":106,"column":3}},"loc":{"start":{"line":106,"column":13},"end":{"line":114,"column":3}},"line":106}},"branchMap":{"0":{"loc":{"start":{"line":5,"column":11},"end":{"line":5,"column":74}},"type":"binary-expr","locations":[{"start":{"line":5,"column":11},"end":{"line":5,"column":40}},{"start":{"line":5,"column":44},"end":{"line":5,"column":74}}],"line":5},"1":{"loc":{"start":{"line":15,"column":13},"end":{"line":15,"column":24}},"type":"default-arg","locations":[{"start":{"line":15,"column":22},"end":{"line":15,"column":24}}],"line":15},"2":{"loc":{"start":{"line":16,"column":12},"end":{"line":16,"column":20}},"type":"default-arg","locations":[{"start":{"line":16,"column":19},"end":{"line":16,"column":20}}],"line":16},"3":{"loc":{"start":{"line":16,"column":22},"end":{"line":16,"column":31}},"type":"default-arg","locations":[{"start":{"line":16,"column":29},"end":{"line":16,"column":31}}],"line":16},"4":{"loc":{"start":{"line":16,"column":33},"end":{"line":16,"column":46}},"type":"default-arg","locations":[{"start":{"line":16,"column":42},"end":{"line":16,"column":46}}],"line":16},"5":{"loc":{"start":{"line":16,"column":48},"end":{"line":16,"column":63}},"type":"default-arg","locations":[{"start":{"line":16,"column":58},"end":{"line":16,"column":63}}],"line":16},"6":{"loc":{"start":{"line":16,"column":65},"end":{"line":16,"column":77}},"type":"default-arg","locations":[{"start":{"line":16,"column":75},"end":{"line":16,"column":77}}],"line":16},"7":{"loc":{"start":{"line":91,"column":4},"end":{"line":93,"column":5}},"type":"if","locations":[{"start":{"line":91,"column":4},"end":{"line":93,"column":5}},{"start":{},"end":{}}],"line":91},"8":{"loc":{"start":{"line":108,"column":4},"end":{"line":112,"column":5}},"type":"if","locations":[{"start":{"line":108,"column":4},"end":{"line":112,"column":5}},{"start":{},"end":{}}],"line":108}},"s":{"0":0,"1":0,"2":0,"3":0,"4":0,"5":0,"6":0,"7":0,"8":0,"9":0,"10":0,"11":0,"12":0,"13":0,"14":0,"15":0,"16":0,"17":0,"18":0,"19":0,"20":0,"21":0,"22":0,"23":0,"24":0,"25":0,"26":0,"27":0,"28":0},"f":{"0":0,"1":0,"2":0,"3":0,"4":0,"5":0,"6":0,"7":0,"8":0,"9":0,"10":0,"11":0,"12":0,"13":0,"14":0,"15":0,"16":0},"b":{"0":[0,0],"1":[0],"2":[0],"3":[0],"4":[0],"5":[0],"6":[0],"7":[0,0],"8":[0,0]}}
,"/home/runner/work/legacy-spring-boot-23-app/legacy-spring-boot-23-app/frontend/src/store/index.js": {"path":"/home/runner/work/legacy-spring-boot-23-app/legacy-spring-boot-23-app/frontend/src/store/index.js","statementMap":{"0":{"start":{"line":7,"column":2},"end":{"line":7,"column":91}},"1":{"start":{"line":9,"column":14},"end":{"line":12,"column":1}}},"fnMap":{},"branchMap":{"0":{"loc":{"start":{"line":7,"column":2},"end":{"line":7,"column":91}},"type":"binary-expr","locations":[{"start":{"line":7,"column":3},"end":{"line":7,"column":32}},{"start":{"line":7,"column":36},"end":{"line":7,"column":79}},{"start":{"line":7,"column":84},"end":{"line":7,"column":91}}],"line":7}},"s":{"0":0,"1":0},"f":{},"b":{"0":[0,0,0]}}
,"/home/runner/work/legacy-spring-boot-23-app/legacy-spring-boot-23-app/frontend/src/store/actions/booksActions.js": {"path":"/home/runner/work/legacy-spring-boot-23-app/legacy-spring-boot-23-app/frontend/src/store/actions/booksActions.js","statementMap":{"0":{"start":{"line":4,"column":33},"end":{"line":4,"column":52}},"1":{"start":{"line":5,"column":35},"end":{"line":5,"column":56}},"2":{"start":{"line":6,"column":35},"end":{"line":6,"column":56}},"3":{"start":{"line":8,"column":32},"end":{"line":8,"column":50}},"4":{"start":{"line":9,"column":34},"end":{"line":9,"column":54}},"5":{"start":{"line":10,"column":34},"end":{"line":10,"column":54}},"6":{"start":{"line":12,"column":33},"end":{"line":12,"column":52}},"7":{"start":{"line":13,"column":35},"end":{"line":13,"column":56}},"8":{"start":{"line":14,"column":35},"end":{"line":14,"column":56}},"9":{"start":{"line":16,"column":33},"end":{"line":16,"column":52}},"10":{"start":{"line":17,"column":35},"end":{"line":17,"column":56}},"11":{"start":{"line":18,"column":35},"end":{"line":18,"column":56}},"12":{"start":{"line":20,"column":33},"end":{"line":20,"column":52}},"13":{"start":{"line":21,"column":35},"end":{"line":21,"column":56}},"14":{"start":{"line":22,"column":35},"end":{"line":22,"column":56}},"15":{"start":{"line":25,"column":26},"end":{"line":44,"column":1}},"16":{"start":{"line":26,"column":2},"end":{"line":43,"column":4}},"17":{"start":{"line":27,"column":4},"end":{"line":27,"column":42}},"18":{"start":{"line":29,"column":4},"end":{"line":42,"column":5}},"19":{"start":{"line":30,"column":23},"end":{"line":30,"column":54}},"20":{"start":{"line":31,"column":6},"end":{"line":34,"column":9}},"21":{"start":{"line":35,"column":6},"end":{"line":35,"column":27}},"22":{"start":{"line":37,"column":6},"end":{"line":40,"column":9}},"23":{"start":{"line":41,"column":6},"end":{"line":41,"column":18}},"24":{"start":{"line":46,"column":25},"end":{"line":65,"column":1}},"25":{"start":{"line":47,"column":2},"end":{"line":64,"column":4}},"26":{"start":{"line":48,"column":4},"end":{"line":48,"column":41}},"27":{"start":{"line":50,"column":4},"end":{"line":63,"column":5}},"28":{"start":{"line":51,"column":23},"end":{"line":51,"column":49}},"29":{"start":{"line":52,"column":6},"end":{"line":55,"column":9}},"30":{"start":{"line":56,"column":6},"end":{"line":56,"column":27}},"31":{"start":{"line":58,"column":6},"end":{"line":61,"column":9}},"32":{"start":{"line":62,"column":6},"end":{"line":62,"column":18}},"33":{"start":{"line":67,"column":26},"end":{"line":86,"column":1}},"34":{"start":{"line":68,"column":2},"end":{"line":85,"column":4}},"35":{"start":{"line":69,"column":4},"end":{"line":69,"column":42}},"36":{"start":{"line":71,"column":4},"end":{"line":84,"column":5}},"37":{"start":{"line":72,"column":23},"end":{"line":72,"column":58}},"38":{"start":{"line":73,"column":6},"end":{"line":76,"column":9}},"39":{"start":{"line":77,"column":6},"end":{"line":77,"column":27}},"40":{"start":{"line":79,"column":6},"end":{"line":82,"column":9}},"41":{"start":{"line":83,"column":6},"end":{"line":83,"column":18}},"42":{"start":{"line":88,"column":26},"end":{"line":107,"column":1}},"43":{"start":{"line":89,"column":2},"end":{"line":106,"column":4}},"44":{"start":{"line":90,"column":4},"end":{"line":90,"column":42}},"45":{"start":{"line":92,"column":4},"end":{"line":105,"column":5}},"46":{"start":{"line":93,"column":23},"end":{"line":93,"column":62}},"47":{"start":{"line":94,"column":6},"end":{"line":97,"column":9}},"48":{"start":{"line":98,"column":6},"end":{"line":98,"column":27}},"49":{"start":{"line":100,"column":6},"end":{"line":103,"column":9}},"50":{"start":{"line":104,"column":6},"end":{"line":104,"column":18}},"51":{"start":{"line":109,"column":26},"end":{"line":128,"column":1}},"52":{"start":{"line":110,"column":2},"end":{"line":127,"column":4}},"53":{"start":{"line":111,"column":4},"end":{"line":111,"column":42}},"54":{"start":{"line":113,"column":4},"end":{"line":126,"column":5}},"55":{"start":{"line":114,"column":6},"end":{"line":114,"column":36}},"56":{"start":{"line":115,"column":6},"end":{"line":118,"column":9}},"57":{"start":{"line":119,"column":6},"end":{"line":119,"column":16}},"58":{"start":{"line":121,"column":6},"end":{"line":124,"column":9}},"59":{"start":{"line":125,"column":6},"end":{"line":125,"column":18}}},"fnMap":{"0":{"name":"(anonymous_0)","decl":{"start":{"line":25,"column":26},"end":{"line":25,"column":27}},"loc":{"start":{"line":25,"column":43},"end":{"line":44,"column":1}},"line":25},"1":{"name":"(anonymous_1)","decl":{"start":{"line":26,"column":9},"end":{"line":26,"column":10}},"loc":{"start":{"line":26,"column":29},"end":{"line":43,"column":3}},"line":26},"2":{"name":"(anonymous_2)","decl":{"start":{"line":46,"column":25},"end":{"line":46,"column":26}},"loc":{"start":{"line":46,"column":33},"end":{"line":65,"column":1}},"line":46},"3":{"name":"(anonymous_3)","decl":{"start":{"line":47,"column":9},"end":{"line":47,"column":10}},"loc":{"start":{"line":47,"column":29},"end":{"line":64,"column":3}},"line":47},"4":{"name":"(anonymous_4)","decl":{"start":{"line":67,"column":26},"end":{"line":67,"column":27}},"loc":{"start":{"line":67,"column":40},"end":{"line":86,"column":1}},"line":67},"5":{"name":"(anonymous_5)","decl":{"start":{"line":68,"column":9},"end":{"line":68,"column":10}},"loc":{"start":{"line":68,"column":29},"end":{"line":85,"column":3}},"line":68},"6":{"name":"(anonymous_6)","decl":{"start":{"line":88,"column":26},"end":{"line":88,"column":27}},"loc":{"start":{"line":88,"column":44},"end":{"line":107,"column":1}},"line":88},"7":{"name":"(anonymous_7)","decl":{"start":{"line":89,"column":9},"end":{"line":89,"column":10}},"loc":{"start":{"line":89,"column":29},"end":{"line":106,"column":3}},"line":89},"8":{"name":"(anonymous_8)","decl":{"start":{"line":109,"column":26},"end":{"line":109,"column":27}},"loc":{"start":{"line":109,"column":34},"end":{"line":128,"column":1}},"line":109},"9":{"name":"(anonymous_9)","decl":{"start":{"line":110,"column":9},"end":{"line":110,"column":10}},"loc":{"start":{"line":110,"column":29},"end":{"line":127,"column":3}},"line":110}},"branchMap":{"0":{"loc":{"start":{"line":25,"column":27},"end":{"line":25,"column":38}},"type":"default-arg","locations":[{"start":{"line":25,"column":36},"end":{"line":25,"column":38}}],"line":25},"1":{"loc":{"start":{"line":39,"column":17},"end":{"line":39,"column":63}},"type":"binary-expr","locations":[{"start":{"line":39,"column":17},"end":{"line":39,"column":46}},{"start":{"line":39,"column":50},"end":{"line":39,"column":63}}],"line":39},"2":{"loc":{"start":{"line":60,"column":17},"end":{"line":60,"column":63}},"type":"binary-expr","locations":[{"start":{"line":60,"column":17},"end":{"line":60,"column":46}},{"start":{"line":60,"column":50},"end":{"line":60,"column":63}}],"line":60},"3":{"loc":{"start":{"line":81,"column":17},"end":{"line":81,"column":63}},"type":"binary-expr","locations":[{"start":{"line":81,"column":17},"end":{"line":81,"column":46}},{"start":{"line":81,"column":50},"end":{"line":81,"column":63}}],"line":81},"4":{"loc":{"start":{"line":102,"column":17},"end":{"line":102,"column":63}},"type":"binary-expr","locations":[{"start":{"line":102,"column":17},"end":{"line":102,"column":46}},{"start":{"line":102,"column":50},"end":{"line":102,"column":63}}],"line":102},"5":{"loc":{"start":{"line":123,"column":17},"end":{"line":123,"column":63}},"type":"binary-expr","locations":[{"start":{"line":123,"column":17},"end":{"line":123,"column":46}},{"start":{"line":123,"column":50},"end":{"line":123,"column":63}}],"line":123}},"s":{"0":0,"1":0,"2":0,"3":0,"4":0,"5":0,"6":0,"7":0,"8":0,"9":0,"10":0,"11":0,"12":0,"13":0,"14":0,"15":0,"16":0,"17":0,"18":0,"19":0,"20":0,"21":0,"22":0,"23":0,"24":0,"25":0,"26":0,"27":0,"28":0,"29":0,"30":0,"31":0,"32":0,"33":0,"34":0,"35":0,"36":0,"37":0,"38":0,"39":0,"40":0,"41":0,"42":0,"43":0,"44":0,"45":0,"46":0,"47":0,"48":0,"49":0,"50":0,"51":0,"52":0,"53":0,"54":0,"55":0,"56":0,"57":0,"58":0,"59":0},"f":{"0":0,"1":0,"2":0,"3":0,"4":0,"5":0,"6":0,"7":0,"8":0,"9":0},"b":{"0":[0],"1":[0,0],"2":[0,0],"3":[0,0],"4":[0,0],"5":[0,0]}}
,"/home/runner/work/legacy-spring-boot-23-app/legacy-spring-boot-23-app/frontend/src/store/actions/inventoryActions.js": {"path":"/home/runner/work/legacy-spring-boot-23-app/legacy-spring-boot-23-app/frontend/src/store/actions/inventoryActions.js","statementMap":{"0":{"start":{"line":4,"column":37},"end":{"line":4,"column":60}},"1":{"start":{"line":5,"column":39},"end":{"line":5,"column":64}},"2":{"start":{"line":6,"column":39},"end":{"line":6,"column":64}},"3":{"start":{"line":8,"column":44},"end":{"line":8,"column":74}},"4":{"start":{"line":9,"column":46},"end":{"line":9,"column":78}},"5":{"start":{"line":10,"column":46},"end":{"line":10,"column":78}},"6":{"start":{"line":12,"column":35},"end":{"line":12,"column":56}},"7":{"start":{"line":13,"column":37},"end":{"line":13,"column":60}},"8":{"start":{"line":14,"column":37},"end":{"line":14,"column":60}},"9":{"start":{"line":16,"column":32},"end":{"line":16,"column":50}},"10":{"start":{"line":17,"column":34},"end":{"line":17,"column":54}},"11":{"start":{"line":18,"column":34},"end":{"line":18,"column":54}},"12":{"start":{"line":21,"column":30},"end":{"line":40,"column":1}},"13":{"start":{"line":22,"column":2},"end":{"line":39,"column":4}},"14":{"start":{"line":23,"column":4},"end":{"line":23,"column":46}},"15":{"start":{"line":25,"column":4},"end":{"line":38,"column":5}},"16":{"start":{"line":26,"column":23},"end":{"line":26,"column":56}},"17":{"start":{"line":27,"column":6},"end":{"line":30,"column":9}},"18":{"start":{"line":31,"column":6},"end":{"line":31,"column":27}},"19":{"start":{"line":33,"column":6},"end":{"line":36,"column":9}},"20":{"start":{"line":37,"column":6},"end":{"line":37,"column":18}},"21":{"start":{"line":42,"column":36},"end":{"line":61,"column":1}},"22":{"start":{"line":43,"column":2},"end":{"line":60,"column":4}},"23":{"start":{"line":44,"column":4},"end":{"line":44,"column":53}},"24":{"start":{"line":46,"column":4},"end":{"line":59,"column":5}},"25":{"start":{"line":47,"column":23},"end":{"line":47,"column":62}},"26":{"start":{"line":48,"column":6},"end":{"line":51,"column":9}},"27":{"start":{"line":52,"column":6},"end":{"line":52,"column":27}},"28":{"start":{"line":54,"column":6},"end":{"line":57,"column":9}},"29":{"start":{"line":58,"column":6},"end":{"line":58,"column":18}},"30":{"start":{"line":63,"column":28},"end":{"line":82,"column":1}},"31":{"start":{"line":64,"column":2},"end":{"line":81,"column":4}},"32":{"start":{"line":65,"column":4},"end":{"line":65,"column":44}},"33":{"start":{"line":67,"column":4},"end":{"line":80,"column":5}},"34":{"start":{"line":68,"column":23},"end":{"line":68,"column":65}},"35":{"start":{"line":69,"column":6},"end":{"line":72,"column":9}},"36":{"start":{"line":73,"column":6},"end":{"line":73,"column":27}},"37":{"start":{"line":75,"column":6},"end":{"line":78,"column":9}},"38":{"start":{"line":79,"column":6},"end":{"line":79,"column":18}},"39":{"start":{"line":84,"column":25},"end":{"line":103,"column":1}},"40":{"start":{"line":85,"column":2},"end":{"line":102,"column":4}},"41":{"start":{"line":86,"column":4},"end":{"line":86,"column":41}},"42":{"start":{"line":88,"column":4},"end":{"line":101,"column":5}},"43":{"start":{"line":89,"column":23},"end":{"line":89,"column":62}},"44":{"start":{"line":90,"column":6},"end":{"line":93,"column":9}},"45":{"start":{"line":94,"column":6},"end":{"line":94,"column":27}},"46":{"start":{"line":96,"column":6},"end":{"line":99,"column":9}},"47":{"start":{"line":100,"column":6},"end":{"line":100,"column":18}}},"fnMap":{"0":{"name":"(anonymous_0)","decl":{"start":{"line":21,"column":30},"end":{"line":21,"column":31}},"loc":{"start":{"line":21,"column":36},"end":{"line":40,"column":1}},"line":21},"1":{"name":"(anonymous_1)","decl":{"start":{"line":22,"column":9},"end":{"line":22,"column":10}},"loc":{"start":{"line":22,"column":29},"end":{"line":39,"column":3}},"line":22},"2":{"name":"(anonymous_2)","decl":{"start":{"line":42,"column":36},"end":{"line":42,"column":37}},"loc":{"start":{"line":42,"column":42},"end":{"line":61,"column":1}},"line":42},"3":{"name":"(anonymous_3)","decl":{"start":{"line":43,"column":9},"end":{"line":43,"column":10}},"loc":{"start":{"line":43,"column":29},"end":{"line":60,"column":3}},"line":43},"4":{"name":"(anonymous_4)","decl":{"start":{"line":63,"column":28},"end":{"line":63,"column":29}},"loc":{"start":{"line":63,"column":43},"end":{"line":82,"column":1}},"line":63},"5":{"name":"(anonymous_5)","decl":{"start":{"line":64,"column":9},"end":{"line":64,"column":10}},"loc":{"start":{"line":64,"column":29},"end":{"line":81,"column":3}},"line":64},"6":{"name":"(anonymous_6)","decl":{"start":{"line":84,"column":25},"end":{"line":84,"column":26}},"loc":{"start":{"line":84,"column":40},"end":{"line":103,"column":1}},"line":84},"7":{"name":"(anonymous_7)","decl":{"start":{"line":85,"column":9},"end":{"line":85,"column":10}},"loc":{"start":{"line":85,"column":29},"end":{"line":102,"column":3}},"line":85}},"branchMap":{"0":{"loc":{"start":{"line":35,"column":17},"end":{"line":35,"column":63}},"type":"binary-expr","locations":[{"start":{"line":35,"column":17},"end":{"line":35,"column":46}},{"start":{"line":35,"column":50},"end":{"line":35,"column":63}}],"line":35},"1":{"loc":{"start":{"line":56,"column":17},"end":{"line":56,"column":63}},"type":"binary-expr","locations":[{"start":{"line":56,"column":17},"end":{"line":56,"column":46}},{"start":{"line":56,"column":50},"end":{"line":56,"column":63}}],"line":56},"2":{"loc":{"start":{"line":77,"column":17},"end":{"line":77,"column":63}},"type":"binary-expr","locations":[{"start":{"line":77,"column":17},"end":{"line":77,"column":46}},{"start":{"line":77,"column":50},"end":{"line":77,"column":63}}],"line":77},"3":{"loc":{"start":{"line":98,"column":17},"end":{"line":98,"column":63}},"type":"binary-expr","locations":[{"start":{"line":98,"column":17},"end":{"line":98,"column":46}},{"start":{"line":98,"column":50},"end":{"line":98,"column":63}}],"line":98}},"s":{"0":0,"1":0,"2":0,"3":0,"4":0,"5":0,"6":0,"7":0,"8":0,"9":0,"10":0,"11":0,"12":0,"13":0,"14":0,"15":0,"16":0,"17":0,"18":0,"19":0,"20":0,"21":0,"22":0,"23":0,"24":0,"25":0,"26":0,"27":0,"28":0,"29":0,"30":0,"31":0,"32":0,"33":0,"34":0,"35":0,"36":0,"37":0,"38":0,"39":0,"40":0,"41":0,"42":0,"43":0,"44":0,"45":0,"46":0,"47":0},"f":{"0":0,"1":0,"2":0,"3":0,"4":0,"5":0,"6":0,"7":0},"b":{"0":[0,0],"1":[0,0],"2":[0,0],"3":[0,0]}}
,"/home/runner/work/legacy-spring-boot-23-app/legacy-spring-boot-23-app/frontend/src/store/reducers/booksReducer.js": {"path":"/home/runner/work/legacy-spring-boot-23-app/legacy-spring-boot-23-app/frontend/src/store/reducers/booksReducer.js","statementMap":{"0":{"start":{"line":19,"column":21},"end":{"line":24,"column":1}},"1":{"start":{"line":26,"column":21},"end":{"line":107,"column":1}},"2":{"start":{"line":27,"column":2},"end":{"line":106,"column":3}},"3":{"start":{"line":33,"column":6},"end":{"line":37,"column":8}},"4":{"start":{"line":40,"column":6},"end":{"line":45,"column":8}},"5":{"start":{"line":48,"column":6},"end":{"line":53,"column":8}},"6":{"start":{"line":56,"column":6},"end":{"line":65,"column":8}},"7":{"start":{"line":68,"column":6},"end":{"line":79,"column":8}},"8":{"start":{"line":74,"column":12},"end":{"line":74,"column":65}},"9":{"start":{"line":82,"column":6},"end":{"line":91,"column":8}},"10":{"start":{"line":87,"column":62},"end":{"line":87,"column":88}},"11":{"start":{"line":98,"column":6},"end":{"line":102,"column":8}},"12":{"start":{"line":105,"column":6},"end":{"line":105,"column":19}}},"fnMap":{"0":{"name":"(anonymous_0)","decl":{"start":{"line":26,"column":21},"end":{"line":26,"column":22}},"loc":{"start":{"line":26,"column":55},"end":{"line":107,"column":1}},"line":26},"1":{"name":"(anonymous_1)","decl":{"start":{"line":73,"column":51},"end":{"line":73,"column":52}},"loc":{"start":{"line":74,"column":12},"end":{"line":74,"column":65}},"line":74},"2":{"name":"(anonymous_2)","decl":{"start":{"line":87,"column":54},"end":{"line":87,"column":55}},"loc":{"start":{"line":87,"column":62},"end":{"line":87,"column":88}},"line":87}},"branchMap":{"0":{"loc":{"start":{"line":26,"column":22},"end":{"line":26,"column":42}},"type":"default-arg","locations":[{"start":{"line":26,"column":30},"end":{"line":26,"column":42}}],"line":26},"1":{"loc":{"start":{"line":27,"column":2},"end":{"line":106,"column":3}},"type":"switch","locations":[{"start":{"line":28,"column":4},"end":{"line":28,"column":27}},{"start":{"line":29,"column":4},"end":{"line":29,"column":26}},{"start":{"line":30,"column":4},"end":{"line":30,"column":27}},{"start":{"line":31,"column":4},"end":{"line":31,"column":27}},{"start":{"line":32,"column":4},"end":{"line":37,"column":8}},{"start":{"line":39,"column":4},"end":{"line":45,"column":8}},{"start":{"line":47,"column":4},"end":{"line":53,"column":8}},{"start":{"line":55,"column":4},"end":{"line":65,"column":8}},{"start":{"line":67,"column":4},"end":{"line":79,"column":8}},{"start":{"line":81,"column":4},"end":{"line":91,"column":8}},{"start":{"line":93,"column":4},"end":{"line":93,"column":29}},{"start":{"line":94,"column":4},"end":{"line":94,"column":28}},{"start":{"line":95,"column":4},"end":{"line":95,"column":29}},{"start":{"line":96,"column":4},"end":{"line":96,"column":29}},{"start":{"line":97,"column":4},"end":{"line":102,"column":8}},{"start":{"line":104,"column":4},"end":{"line":105,"column":19}}],"line":27},"2":{"loc":{"start":{"line":61,"column":40},"end":{"line":61,"column":65}},"type":"binary-expr","locations":[{"start":{"line":61,"column":40},"end":{"line":61,"column":59}},{"start":{"line":61,"column":63},"end":{"line":61,"column":65}}],"line":61},"3":{"loc":{"start":{"line":62,"column":26},"end":{"line":62,"column":56}},"type":"binary-expr","locations":[{"start":{"line":62,"column":26},"end":{"line":62,"column":51}},{"start":{"line":62,"column":55},"end":{"line":62,"column":56}}],"line":62},"4":{"loc":{"start":{"line":73,"column":20},"end":{"line":73,"column":45}},"type":"binary-expr","locations":[{"start":{"line":73,"column":20},"end":{"line":73,"column":39}},{"start":{"line":73,"column":43},"end":{"line":73,"column":45}}],"line":73},"5":{"loc":{"start":{"line":74,"column":12},"end":{"line":74,"column":65}},"type":"cond-expr","locations":[{"start":{"line":74,"column":44},"end":{"line":74,"column":58}},{"start":{"line":74,"column":61},"end":{"line":74,"column":65}}],"line":74},"6":{"loc":{"start":{"line":87,"column":20},"end":{"line":87,"column":45}},"type":"binary-expr","locations":[{"start":{"line":87,"column":20},"end":{"line":87,"column":39}},{"start":{"line":87,"column":43},"end":{"line":87,"column":45}}],"line":87},"7":{"loc":{"start":{"line":88,"column":35},"end":{"line":88,"column":65}},"type":"binary-expr","locations":[{"start":{"line":88,"column":35},"end":{"line":88,"column":60}},{"start":{"line":88,"column":64},"end":{"line":88,"column":65}}],"line":88}},"s":{"0":0,"1":0,"2":0,"3":0,"4":0,"5":0,"6":0,"7":0,"8":0,"9":0,"10":0,"11":0,"12":0},"f":{"0":0,"1":0,"2":0},"b":{"0":[0],"1":[0,0,0,0,0,0,0,0,0,0,0,0,0,0,0,0],"2":[0,0],"3":[0,0],"4":[0,0],"5":[0,0],"6":[0,0],"7":[0,0]}}
,"/home/runner/work/legacy-spring-boot-23-app/legacy-spring-boot-23-app/frontend/src/store/reducers/index.js": {"path":"/home/runner/work/legacy-spring-boot-23-app/legacy-spring-boot-23-app/frontend/src/store/reducers/index.js","statementMap":{"0":{"start":{"line":5,"column":20},"end":{"line":8,"column":2}}},"fnMap":{},"branchMap":{},"s":{"0":0},"f":{},"b":{}}
,"/home/runner/work/legacy-spring-boot-23-app/legacy-spring-boot-23-app/frontend/src/store/reducers/inventoryReducer.js": {"path":"/home/runner/work/legacy-spring-boot-23-app/legacy-spring-boot-23-app/frontend/src/store/reducers/inventoryReducer.js","statementMap":{"0":{"start":{"line":16,"column":21},"end":{"line":21,"column":1}},"1":{"start":{"line":23,"column":25},"end":{"line":75,"column":1}},"2":{"start":{"line":24,"column":2},"end":{"line":74,"column":3}},"3":{"start":{"line":29,"column":6},"end":{"line":33,"column":8}},"4":{"start":{"line":36,"column":6},"end":{"line":41,"column":8}},"5":{"start":{"line":44,"column":6},"end":{"line":49,"column":8}},"6":{"start":{"line":53,"column":6},"end":{"line":60,"column":8}},"7":{"start":{"line":57,"column":10},"end":{"line":57,"column":71}},"8":{"start":{"line":66,"column":6},"end":{"line":70,"column":8}},"9":{"start":{"line":73,"column":6},"end":{"line":73,"column":19}}},"fnMap":{"0":{"name":"(anonymous_0)","decl":{"start":{"line":23,"column":25},"end":{"line":23,"column":26}},"loc":{"start":{"line":23,"column":59},"end":{"line":75,"column":1}},"line":23},"1":{"name":"(anonymous_1)","decl":{"start":{"line":56,"column":31},"end":{"line":56,"column":32}},"loc":{"start":{"line":57,"column":10},"end":{"line":57,"column":71}},"line":57}},"branchMap":{"0":{"loc":{"start":{"line":23,"column":26},"end":{"line":23,"column":46}},"type":"default-arg","locations":[{"start":{"line":23,"column":34},"end":{"line":23,"column":46}}],"line":23},"1":{"loc":{"start":{"line":24,"column":2},"end":{"line":74,"column":3}},"type":"switch","locations":[{"start":{"line":25,"column":4},"end":{"line":25,"column":31}},{"start":{"line":26,"column":4},"end":{"line":26,"column":38}},{"start":{"line":27,"column":4},"end":{"line":27,"column":29}},{"start":{"line":28,"column":4},"end":{"line":33,"column":8}},{"start":{"line":35,"column":4},"end":{"line":41,"column":8}},{"start":{"line":43,"column":4},"end":{"line":49,"column":8}},{"start":{"line":51,"column":4},"end":{"line":51,"column":31}},{"start":{"line":52,"column":4},"end":{"line":60,"column":8}},{"start":{"line":62,"column":4},"end":{"line":62,"column":33}},{"start":{"line":63,"column":4},"end":{"line":63,"column":40}},{"start":{"line":64,"column":4},"end":{"line":64,"column":31}},{"start":{"line":65,"column":4},"end":{"line":70,"column":8}},{"start":{"line":72,"column":4},"end":{"line":73,"column":19}}],"line":24},"2":{"loc":{"start":{"line":57,"column":10},"end":{"line":57,"column":71}},"type":"cond-expr","locations":[{"start":{"line":57,"column":50},"end":{"line":57,"column":64}},{"start":{"line":57,"column":67},"end":{"line":57,"column":71}}],"line":57}},"s":{"0":0,"1":0,"2":0,"3":0,"4":0,"5":0,"6":0,"7":0,"8":0,"9":0},"f":{"0":0,"1":0},"b":{"0":[0],"1":[0,0,0,0,0,0,0,0,0,0,0,0,0],"2":[0,0]}}
}
