TN:
SF:src/App.js
FN:12,(anonymous_0)
FN:35,App
FN:68,(anonymous_2)
FN:73,(anonymous_3)
FN:88,(anonymous_4)
FN:89,(anonymous_5)
FN:90,(anonymous_6)
FNF:7
FNH:0
FNDA:0,(anonymous_0)
FNDA:0,App
FNDA:0,(anonymous_2)
FNDA:0,(anonymous_3)
FNDA:0,(anonymous_4)
FNDA:0,(anonymous_5)
FNDA:0,(anonymous_6)
DA:10,0
DA:12,0
DA:36,0
DA:37,0
DA:39,0
DA:48,0
DA:69,0
DA:73,0
DA:88,0
DA:89,0
DA:90,0
LF:11
LH:0
BRF:0
BRH:0
end_of_record
TN:
SF:src/index.js
FNF:0
FNH:0
DA:11,0
LF:1
LH:0
BRF:0
BRH:0
end_of_record
TN:
SF:src/theme.js
FNF:0
FNH:0
DA:3,0
LF:1
LH:0
BRF:0
BRH:0
end_of_record
TN:
SF:src/components/BookList.js
FN:21,(anonymous_0)
FN:55,BookList
FN:60,(anonymous_2)
FN:61,(anonymous_3)
FN:62,(anonymous_4)
FN:72,(anonymous_5)
FN:83,(anonymous_6)
FN:88,(anonymous_7)
FN:101,(anonymous_8)
FN:114,(anonymous_9)
FN:188,(anonymous_10)
FNF:11
FNH:0
FNDA:0,(anonymous_0)
FNDA:0,BookList
FNDA:0,(anonymous_2)
FNDA:0,(anonymous_3)
FNDA:0,(anonymous_4)
FNDA:0,(anonymous_5)
FNDA:0,(anonymous_6)
FNDA:0,(anonymous_7)
FNDA:0,(anonymous_8)
FNDA:0,(anonymous_9)
FNDA:0,(anonymous_10)
DA:21,0
DA:56,0
DA:57,0
DA:60,0
DA:61,0
DA:62,0
DA:65,0
DA:66,0
DA:67,0
DA:68,0
DA:69,0
DA:72,0
DA:73,0
DA:80,0
DA:83,0
DA:84,0
DA:85,0
DA:88,0
DA:89,0
DA:90,0
DA:91,0
DA:98,0
DA:101,0
DA:102,0
DA:104,0
DA:106,0
DA:108,0
DA:110,0
DA:114,0
DA:115,0
DA:117,0
DA:119,0
DA:121,0
DA:123,0
DA:127,0
DA:128,0
DA:135,0
DA:136,0
DA:145,0
DA:189,0
LF:40
LH:0
BRDA:60,0,0,0
BRDA:60,0,1,0
BRDA:61,1,0,0
BRDA:61,1,1,0
BRDA:102,2,0,0
BRDA:102,2,1,0
BRDA:102,2,2,0
BRDA:102,2,3,0
BRDA:115,3,0,0
BRDA:115,3,1,0
BRDA:115,3,2,0
BRDA:115,3,3,0
BRDA:127,4,0,0
BRDA:127,4,1,0
BRDA:127,5,0,0
BRDA:127,5,1,0
BRDA:135,6,0,0
BRDA:135,6,1,0
BRDA:199,7,0,0
BRDA:199,7,1,0
BRDA:202,8,0,0
BRDA:202,8,1,0
BRDA:205,9,0,0
BRDA:205,9,1,0
BRF:24
BRH:0
end_of_record
TN:
SF:src/components/Dashboard.js
FN:18,(anonymous_0)
FN:60,Dashboard
FN:73,(anonymous_2)
FN:74,(anonymous_3)
FN:92,(anonymous_4)
FN:114,(anonymous_5)
FN:127,(anonymous_6)
FN:238,(anonymous_7)
FN:272,(anonymous_8)
FNF:9
FNH:0
FNDA:0,(anonymous_0)
FNDA:0,Dashboard
FNDA:0,(anonymous_2)
FNDA:0,(anonymous_3)
FNDA:0,(anonymous_4)
FNDA:0,(anonymous_5)
FNDA:0,(anonymous_6)
FNDA:0,(anonymous_7)
FNDA:0,(anonymous_8)
DA:18,0
DA:61,0
DA:62,0
DA:63,0
DA:64,0
DA:70,0
DA:71,0
DA:73,0
DA:74,0
DA:75,0
DA:76,0
DA:77,0
DA:80,0
DA:88,0
DA:89,0
DA:90,0
DA:91,0
DA:92,0
DA:94,0
DA:101,0
DA:102,0
DA:104,0
DA:105,0
DA:107,0
DA:111,0
DA:114,0
DA:115,0
DA:117,0
DA:119,0
DA:121,0
DA:123,0
DA:127,0
DA:128,0
DA:130,0
DA:132,0
DA:134,0
DA:136,0
DA:140,0
DA:141,0
DA:148,0
DA:149,0
DA:158,0
DA:239,0
DA:273,0
LF:44
LH:0
BRDA:92,0,0,0
BRDA:92,0,1,0
BRDA:101,1,0,0
BRDA:101,1,1,0
BRDA:101,1,2,0
BRDA:102,2,0,0
BRDA:102,2,1,0
BRDA:105,3,0,0
BRDA:105,3,1,0
BRDA:105,3,2,0
BRDA:115,4,0,0
BRDA:115,4,1,0
BRDA:115,4,2,0
BRDA:115,4,3,0
BRDA:128,5,0,0
BRDA:128,5,1,0
BRDA:128,5,2,0
BRDA:128,5,3,0
BRDA:140,6,0,0
BRDA:140,6,1,0
BRDA:148,7,0,0
BRDA:148,7,1,0
BRDA:172,8,0,0
BRDA:172,8,1,0
BRDA:188,9,0,0
BRDA:188,9,1,0
BRDA:204,10,0,0
BRDA:204,10,1,0
BRDA:220,11,0,0
BRDA:220,11,1,0
BRDA:251,12,0,0
BRDA:251,12,1,0
BRDA:277,13,0,0
BRDA:277,13,1,0
BRDA:281,14,0,0
BRDA:281,14,1,0
BRF:36
BRH:0
end_of_record
TN:
SF:src/components/InventoryList.js
FN:20,(anonymous_0)
FN:52,InventoryList
FN:57,(anonymous_2)
FN:58,(anonymous_3)
FN:59,(anonymous_4)
FN:61,(anonymous_5)
FN:65,(anonymous_6)
FN:75,(anonymous_7)
FN:85,(anonymous_8)
FN:130,(anonymous_9)
FNF:10
FNH:0
FNDA:0,(anonymous_0)
FNDA:0,InventoryList
FNDA:0,(anonymous_2)
FNDA:0,(anonymous_3)
FNDA:0,(anonymous_4)
FNDA:0,(anonymous_5)
FNDA:0,(anonymous_6)
FNDA:0,(anonymous_7)
FNDA:0,(anonymous_8)
FNDA:0,(anonymous_9)
DA:20,0
DA:53,0
DA:54,0
DA:57,0
DA:58,0
DA:59,0
DA:61,0
DA:62,0
DA:65,0
DA:66,0
DA:67,0
DA:68,0
DA:69,0
DA:71,0
DA:75,0
DA:76,0
DA:77,0
DA:78,0
DA:79,0
DA:81,0
DA:85,0
DA:86,0
DA:89,0
DA:90,0
DA:97,0
DA:98,0
DA:107,0
DA:131,0
LF:28
LH:0
BRDA:57,0,0,0
BRDA:57,0,1,0
BRDA:58,1,0,0
BRDA:58,1,1,0
BRDA:66,2,0,0
BRDA:66,2,1,0
BRDA:68,3,0,0
BRDA:68,3,1,0
BRDA:76,4,0,0
BRDA:76,4,1,0
BRDA:78,5,0,0
BRDA:78,5,1,0
BRDA:86,6,0,0
BRDA:86,6,1,0
BRDA:89,7,0,0
BRDA:89,7,1,0
BRDA:97,8,0,0
BRDA:97,8,1,0
BRDA:144,9,0,0
BRDA:144,9,1,0
BRDA:178,10,0,0
BRDA:178,10,1,0
BRF:22
BRH:0
end_of_record
TN:
SF:src/services/api.js
FN:15,(anonymous_0)
FN:23,(anonymous_1)
FN:28,(anonymous_2)
FN:33,(anonymous_3)
FN:38,(anonymous_4)
FN:43,(anonymous_5)
FN:51,(anonymous_6)
FN:56,(anonymous_7)
FN:61,(anonymous_8)
FN:66,(anonymous_9)
FN:71,(anonymous_10)
FN:76,(anonymous_11)
FN:81,(anonymous_12)
FN:88,(anonymous_13)
FN:96,(anonymous_14)
FN:103,(anonymous_15)
FN:106,(anonymous_16)
FNF:17
FNH:0
FNDA:0,(anonymous_0)
FNDA:0,(anonymous_1)
FNDA:0,(anonymous_2)
FNDA:0,(anonymous_3)
FNDA:0,(anonymous_4)
FNDA:0,(anonymous_5)
FNDA:0,(anonymous_6)
FNDA:0,(anonymous_7)
FNDA:0,(anonymous_8)
FNDA:0,(anonymous_9)
FNDA:0,(anonymous_10)
FNDA:0,(anonymous_11)
FNDA:0,(anonymous_12)
FNDA:0,(anonymous_13)
FNDA:0,(anonymous_14)
FNDA:0,(anonymous_15)
FNDA:0,(anonymous_16)
DA:4,0
DA:13,0
DA:16,0
DA:17,0
DA:24,0
DA:29,0
DA:34,0
DA:39,0
DA:44,0
DA:49,0
DA:52,0
DA:57,0
DA:62,0
DA:67,0
DA:72,0
DA:77,0
DA:82,0
DA:87,0
DA:90,0
DA:91,0
DA:92,0
DA:94,0
DA:97,0
DA:102,0
DA:104,0
DA:108,0
DA:110,0
DA:111,0
DA:113,0
LF:29
LH:0
BRDA:5,0,0,0
BRDA:5,0,1,0
BRDA:15,1,0,0
BRDA:16,2,0,0
BRDA:16,3,0,0
BRDA:16,4,0,0
BRDA:16,5,0,0
BRDA:16,6,0,0
BRDA:91,7,0,0
BRDA:91,7,1,0
BRDA:108,8,0,0
BRDA:108,8,1,0
BRF:12
BRH:0
end_of_record
TN:
SF:src/store/index.js
FNF:0
FNH:0
DA:7,0
DA:9,0
LF:2
LH:0
BRDA:7,0,0,0
BRDA:7,0,1,0
BRDA:7,0,2,0
BRF:3
BRH:0
end_of_record
TN:
SF:src/store/actions/booksActions.js
FN:25,(anonymous_0)
FN:26,(anonymous_1)
FN:46,(anonymous_2)
FN:47,(anonymous_3)
FN:67,(anonymous_4)
FN:68,(anonymous_5)
FN:88,(anonymous_6)
FN:89,(anonymous_7)
FN:109,(anonymous_8)
FN:110,(anonymous_9)
FNF:10
FNH:0
FNDA:0,(anonymous_0)
FNDA:0,(anonymous_1)
FNDA:0,(anonymous_2)
FNDA:0,(anonymous_3)
FNDA:0,(anonymous_4)
FNDA:0,(anonymous_5)
FNDA:0,(anonymous_6)
FNDA:0,(anonymous_7)
FNDA:0,(anonymous_8)
FNDA:0,(anonymous_9)
DA:4,0
DA:5,0
DA:6,0
DA:8,0
DA:9,0
DA:10,0
DA:12,0
DA:13,0
DA:14,0
DA:16,0
DA:17,0
DA:18,0
DA:20,0
DA:21,0
DA:22,0
DA:25,0
DA:26,0
DA:27,0
DA:29,0
DA:30,0
DA:31,0
DA:35,0
DA:37,0
DA:41,0
DA:46,0
DA:47,0
DA:48,0
DA:50,0
DA:51,0
DA:52,0
DA:56,0
DA:58,0
DA:62,0
DA:67,0
DA:68,0
DA:69,0
DA:71,0
DA:72,0
DA:73,0
DA:77,0
DA:79,0
DA:83,0
DA:88,0
DA:89,0
DA:90,0
DA:92,0
DA:93,0
DA:94,0
DA:98,0
DA:100,0
DA:104,0
DA:109,0
DA:110,0
DA:111,0
DA:113,0
DA:114,0
DA:115,0
DA:119,0
DA:121,0
DA:125,0
LF:60
LH:0
BRDA:25,0,0,0
BRDA:39,1,0,0
BRDA:39,1,1,0
BRDA:60,2,0,0
BRDA:60,2,1,0
BRDA:81,3,0,0
BRDA:81,3,1,0
BRDA:102,4,0,0
BRDA:102,4,1,0
BRDA:123,5,0,0
BRDA:123,5,1,0
BRF:11
BRH:0
end_of_record
TN:
SF:src/store/actions/inventoryActions.js
FN:21,(anonymous_0)
FN:22,(anonymous_1)
FN:42,(anonymous_2)
FN:43,(anonymous_3)
FN:63,(anonymous_4)
FN:64,(anonymous_5)
FN:84,(anonymous_6)
FN:85,(anonymous_7)
FNF:8
FNH:0
FNDA:0,(anonymous_0)
FNDA:0,(anonymous_1)
FNDA:0,(anonymous_2)
FNDA:0,(anonymous_3)
FNDA:0,(anonymous_4)
FNDA:0,(anonymous_5)
FNDA:0,(anonymous_6)
FNDA:0,(anonymous_7)
DA:4,0
DA:5,0
DA:6,0
DA:8,0
DA:9,0
DA:10,0
DA:12,0
DA:13,0
DA:14,0
DA:16,0
DA:17,0
DA:18,0
DA:21,0
DA:22,0
DA:23,0
DA:25,0
DA:26,0
DA:27,0
DA:31,0
DA:33,0
DA:37,0
DA:42,0
DA:43,0
DA:44,0
DA:46,0
DA:47,0
DA:48,0
DA:52,0
DA:54,0
DA:58,0
DA:63,0
DA:64,0
DA:65,0
DA:67,0
DA:68,0
DA:69,0
DA:73,0
DA:75,0
DA:79,0
DA:84,0
DA:85,0
DA:86,0
DA:88,0
DA:89,0
DA:90,0
DA:94,0
DA:96,0
DA:100,0
LF:48
LH:0
BRDA:35,0,0,0
BRDA:35,0,1,0
BRDA:56,1,0,0
BRDA:56,1,1,0
BRDA:77,2,0,0
BRDA:77,2,1,0
BRDA:98,3,0,0
BRDA:98,3,1,0
BRF:8
BRH:0
end_of_record
TN:
SF:src/store/reducers/booksReducer.js
FN:26,(anonymous_0)
FN:73,(anonymous_1)
FN:87,(anonymous_2)
FNF:3
FNH:0
FNDA:0,(anonymous_0)
FNDA:0,(anonymous_1)
FNDA:0,(anonymous_2)
DA:19,0
DA:26,0
DA:27,0
DA:33,0
DA:40,0
DA:48,0
DA:56,0
DA:68,0
DA:74,0
DA:82,0
DA:87,0
DA:98,0
DA:105,0
LF:13
LH:0
BRDA:26,0,0,0
BRDA:27,1,0,0
BRDA:27,1,1,0
BRDA:27,1,2,0
BRDA:27,1,3,0
BRDA:27,1,4,0
BRDA:27,1,5,0
BRDA:27,1,6,0
BRDA:27,1,7,0
BRDA:27,1,8,0
BRDA:27,1,9,0
BRDA:27,1,10,0
BRDA:27,1,11,0
BRDA:27,1,12,0
BRDA:27,1,13,0
BRDA:27,1,14,0
BRDA:27,1,15,0
BRDA:61,2,0,0
BRDA:61,2,1,0
BRDA:62,3,0,0
BRDA:62,3,1,0
BRDA:73,4,0,0
BRDA:73,4,1,0
BRDA:74,5,0,0
BRDA:74,5,1,0
BRDA:87,6,0,0
BRDA:87,6,1,0
BRDA:88,7,0,0
BRDA:88,7,1,0
BRF:29
BRH:0
end_of_record
TN:
SF:src/store/reducers/index.js
FNF:0
FNH:0
DA:5,0
LF:1
LH:0
BRF:0
BRH:0
end_of_record
TN:
SF:src/store/reducers/inventoryReducer.js
FN:23,(anonymous_0)
FN:56,(anonymous_1)
FNF:2
FNH:0
FNDA:0,(anonymous_0)
FNDA:0,(anonymous_1)
DA:16,0
DA:23,0
DA:24,0
DA:29,0
DA:36,0
DA:44,0
DA:53,0
DA:57,0
DA:66,0
DA:73,0
LF:10
LH:0
BRDA:23,0,0,0
BRDA:24,1,0,0
BRDA:24,1,1,0
BRDA:24,1,2,0
BRDA:24,1,3,0
BRDA:24,1,4,0
BRDA:24,1,5,0
BRDA:24,1,6,0
BRDA:24,1,7,0
BRDA:24,1,8,0
BRDA:24,1,9,0
BRDA:24,1,10,0
BRDA:24,1,11,0
BRDA:24,1,12,0
BRDA:57,2,0,0
BRDA:57,2,1,0
BRF:16
BRH:0
end_of_record
